<?xml version="1.0" encoding="UTF-8"?>
<testsuite xmlns:xsi="http://www.w3.org/2001/XMLSchema-instance" xsi:noNamespaceSchemaLocation="https://maven.apache.org/surefire/maven-surefire-plugin/xsd/surefire-test-report-3.0.xsd" version="3.0" name="com.lankatex.garmentms.GarmentMsApplicationTests" time="18.523" tests="1" errors="0" skipped="0" failures="0">
  <properties>
[...]
</properties>
  <testcase name="contextLoads" classname="com.lankatex.garmentms.GarmentMsApplicationTests" time="3.462">
    <system-out><![CDATA[11:07:19.145 [main] INFO org.springframework.test.context.support.AnnotationConfigContextLoaderUtils -- Could not detect default configuration classes for test class [com.lankatex.garmentms.GarmentMsApplicationTests]: GarmentMsApplicationTests does not declare any static, non-private, non-final, nested classes annotated with @Configuration.
11:07:19.332 [main] INFO org.springframework.boot.test.context.SpringBootTestContextBootstrapper -- Found @SpringBootConfiguration com.lankatex.garmentms.GarmentMsApplication for test class com.lankatex.garmentms.GarmentMsApplicationTests
11:07:19.732 [main] INFO org.springframework.boot.devtools.restart.RestartApplicationListener -- Restart disabled due to context in which it is running

  .   ____          _            __ _ _
 /\\ / ___'_ __ _ _(_)_ __  __ _ \ \ \ \
( ( )\___ | '_ | '_| | '_ \/ _` | \ \ \ \
 \\/  ___)| |_)| | | | | || (_| |  ) ) ) )
  '  |____| .__|_| |_|_| |_\__, | / / / /
 =========|_|==============|___/=/_/_/_/

 :: Spring Boot ::                (v3.3.3)

2025-10-04T11:07:20.844+05:30  INFO 12468 --- [GarmentMS] [           main] c.l.garmentms.GarmentMsApplicationTests  : Starting GarmentMsApplicationTests using Java 22.0.2 with PID 12468 (started by HP in C:\Users\HP\Downloads\GarmentMS\GarmentMS)
2025-10-04T11:07:20.846+05:30  INFO 12468 --- [GarmentMS] [           main] c.l.garmentms.GarmentMsApplicationTests  : No active profile set, falling back to 1 default profile: "default"
2025-10-04T11:07:22.568+05:30  INFO 12468 --- [GarmentMS] [           main] .s.d.r.c.RepositoryConfigurationDelegate : Bootstrapping Spring Data JPA repositories in DEFAULT mode.
2025-10-04T11:07:22.702+05:30  INFO 12468 --- [GarmentMS] [           main] .s.d.r.c.RepositoryConfigurationDelegate : Finished Spring Data repository scanning in 114 ms. Found 4 JPA repository interfaces.
2025-10-04T11:07:23.810+05:30  INFO 12468 --- [GarmentMS] [           main] o.hibernate.jpa.internal.util.LogHelper  : HHH000204: Processing PersistenceUnitInfo [name: default]
2025-10-04T11:07:23.956+05:30  INFO 12468 --- [GarmentMS] [           main] org.hibernate.Version                    : HHH000412: Hibernate ORM core version 6.5.2.Final
2025-10-04T11:07:24.019+05:30  INFO 12468 --- [GarmentMS] [           main] o.h.c.internal.RegionFactoryInitiator    : HHH000026: Second-level cache disabled
2025-10-04T11:07:24.725+05:30  INFO 12468 --- [GarmentMS] [           main] o.s.o.j.p.SpringPersistenceUnitInfo      : No LoadTimeWeaver setup: ignoring JPA class transformer
2025-10-04T11:07:24.771+05:30  INFO 12468 --- [GarmentMS] [           main] com.zaxxer.hikari.HikariDataSource       : HikariPool-1 - Starting...
2025-10-04T11:07:25.168+05:30  INFO 12468 --- [GarmentMS] [           main] com.zaxxer.hikari.pool.HikariPool        : HikariPool-1 - Added connection com.mysql.cj.jdbc.ConnectionImpl@8ac512e
2025-10-04T11:07:25.173+05:30  INFO 12468 --- [GarmentMS] [           main] com.zaxxer.hikari.HikariDataSource       : HikariPool-1 - Start completed.
2025-10-04T11:07:26.855+05:30  INFO 12468 --- [GarmentMS] [           main] o.h.e.t.j.p.i.JtaPlatformInitiator       : HHH000489: No JTA platform available (set 'hibernate.transaction.jta.platform' to enable JTA platform integration)
2025-10-04T11:07:27.073+05:30  INFO 12468 --- [GarmentMS] [           main] j.LocalContainerEntityManagerFactoryBean : Initialized JPA EntityManagerFactory for persistence unit 'default'
2025-10-04T11:07:29.893+05:30  WARN 12468 --- [GarmentMS] [           main] JpaBaseConfiguration$JpaWebConfiguration : spring.jpa.open-in-view is enabled by default. Therefore, database queries may be performed during view rendering. Explicitly configure spring.jpa.open-in-view to disable this warning
2025-10-04T11:07:30.020+05:30  INFO 12468 --- [GarmentMS] [           main] r$InitializeUserDetailsManagerConfigurer : Global AuthenticationManager configured with UserDetailsService bean with name dbUserDetailsService
2025-10-04T11:07:30.471+05:30  INFO 12468 --- [GarmentMS] [           main] o.s.b.a.w.s.WelcomePageHandlerMapping    : Adding welcome page template: index
2025-10-04T11:07:33.030+05:30  INFO 12468 --- [GarmentMS] [           main] c.l.garmentms.GarmentMsApplicationTests  : Started GarmentMsApplicationTests in 13.315 seconds (process running for 15.529)
2025-10-04T11:07:33.605+05:30 DEBUG 12468 --- [GarmentMS] [           main] org.hibernate.SQL                        : 
    select
        r1_0.id,
        r1_0.name 
    from
        roles r1_0 
    where
        r1_0.name=?
Hibernate: 
    select
        r1_0.id,
        r1_0.name 
    from
        roles r1_0 
    where
        r1_0.name=?
2025-10-04T11:07:33.647+05:30 DEBUG 12468 --- [GarmentMS] [           main] org.hibernate.SQL                        : 
    select
        r1_0.id,
        r1_0.name 
    from
        roles r1_0 
    where
        r1_0.name=?
Hibernate: 
    select
        r1_0.id,
        r1_0.name 
    from
        roles r1_0 
    where
        r1_0.name=?
2025-10-04T11:07:33.653+05:30 DEBUG 12468 --- [GarmentMS] [           main] org.hibernate.SQL                        : 
    select
        r1_0.id,
        r1_0.name 
    from
        roles r1_0 
    where
        r1_0.name=?
Hibernate: 
    select
        r1_0.id,
        r1_0.name 
    from
        roles r1_0 
    where
        r1_0.name=?
2025-10-04T11:07:33.658+05:30 DEBUG 12468 --- [GarmentMS] [           main] org.hibernate.SQL                        : 
    select
        r1_0.id,
        r1_0.name 
    from
        roles r1_0 
    where
        r1_0.name=?
Hibernate: 
    select
        r1_0.id,
        r1_0.name 
    from
        roles r1_0 
    where
        r1_0.name=?
2025-10-04T11:07:33.666+05:30 DEBUG 12468 --- [GarmentMS] [           main] org.hibernate.SQL                        : 
    select
        r1_0.id,
        r1_0.name 
    from
        roles r1_0 
    where
        r1_0.name=?
Hibernate: 
    select
        r1_0.id,
        r1_0.name 
    from
        roles r1_0 
    where
        r1_0.name=?
2025-10-04T11:07:33.674+05:30 DEBUG 12468 --- [GarmentMS] [           main] org.hibernate.SQL                        : 
    select
        r1_0.id,
        r1_0.name 
    from
        roles r1_0 
    where
        r1_0.name=?
Hibernate: 
    select
        r1_0.id,
        r1_0.name 
    from
        roles r1_0 
    where
        r1_0.name=?
2025-10-04T11:07:33.684+05:30 DEBUG 12468 --- [GarmentMS] [           main] org.hibernate.SQL                        : 
    select
        u1_0.id,
        u1_0.active,
        u1_0.password_hash,
        u1_0.username 
    from
        users u1_0 
    where
        u1_0.username=?
Hibernate: 
    select
        u1_0.id,
        u1_0.active,
        u1_0.password_hash,
        u1_0.username 
    from
        users u1_0 
    where
        u1_0.username=?
2025-10-04T11:07:33.744+05:30 DEBUG 12468 --- [GarmentMS] [           main] org.hibernate.SQL                        : 
    select
        r1_0.user_id,
        r1_1.id,
        r1_1.name 
    from
        user_roles r1_0 
    join
        roles r1_1 
            on r1_1.id=r1_0.role_id 
    where
        r1_0.user_id=?
Hibernate: 
    select
        r1_0.user_id,
        r1_1.id,
        r1_1.name 
    from
        user_roles r1_0 
    join
        roles r1_1 
            on r1_1.id=r1_0.role_id 
    where
        r1_0.user_id=?
]]></system-out>
    <system-err><![CDATA[WARNING: A Java agent has been loaded dynamically (C:\Users\HP\.m2\repository\net\bytebuddy\byte-buddy-agent\1.14.19\byte-buddy-agent-1.14.19.jar)
WARNING: If a serviceability tool is in use, please run with -XX:+EnableDynamicAgentLoading to hide this warning
WARNING: If a serviceability tool is not in use, please run with -Djdk.instrument.traceUsage for more information
WARNING: Dynamic loading of agents will be disallowed by default in a future release
]]></system-err>
  </testcase>
</testsuite>